The following packages should be updated for best compatibility with the installed expo version:
  expo-font@14.0.10 - expected version: ~14.0.11
  expo-router@6.0.21 - expected version: ~6.0.22
Your project may not work correctly until you install the expected versions of the packages.
"shadow*" style props are deprecated. Use "boxShadow".
λ  WARN  props.pointerEvents is deprecated. Use style.pointerEvents 
  console.warn (C:\Users\Lzh\Desktop\Code\proj\Pawzzle\frontend\node_modules\@expo\cli\src\start\server\serverLogLikeMetro.ts:161:21)
  warnOnce (C:\Users\Lzh\Desktop\Code\proj\Pawzzle\frontend\node_modules\react-native-web\dist\modules\warnOnce\index.js:24:13)
  createDOMProps (C:\Users\Lzh\Desktop\Code\proj\Pawzzle\frontend\node_modules\react-native-web\dist\modules\createDOMProps\index.js:805:13)
  createElement (C:\Users\Lzh\Desktop\Code\proj\Pawzzle\frontend\node_modules\react-native-web\dist\exports\createElement\index.js:23:32)
  Component (C:\Users\Lzh\Desktop\Code\proj\Pawzzle\frontend\node_modules\react-native-web\dist\exports\View\index.js:111:23)
  Object.callComponentInDEV [as react-stack-bottom-frame] (C:\Users\Lzh\Desktop\Code\proj\Pawzzle\frontend\node_modules\react-dom\cjs\react-dom-server-legacy.node.development.js:8970:18)
  renderWithHooks (C:\Users\Lzh\Desktop\Code\proj\Pawzzle\frontend\node_modules\react-dom\cjs\react-dom-server-legacy.node.development.js:4699:19)
  run (C:\Users\Lzh\Desktop\Code\proj\Pawzzle\frontend\node_modules\react-dom\cjs\react-dom-server-legacy.node.development.js:5539:39)
  retryNode (C:\Users\Lzh\Desktop\Code\proj\Pawzzle\frontend\node_modules\react-dom\cjs\react-dom-server-legacy.node.development.js:5899:31)
  renderNodeDestructive (C:\Users\Lzh\Desktop\Code\proj\Pawzzle\frontend\node_modules\react-dom\cjs\react-dom-server-legacy.node.development.js:5849:11)
"shadow*" style props are deprecated. Use "boxShadow".
λ  WARN  props.pointerEvents is deprecated. Use style.pointerEvents 
  console.warn (C:\Users\Lzh\Desktop\Code\proj\Pawzzle\frontend\node_modules\@expo\cli\src\start\server\serverLogLikeMetro.ts:161:21)
  warnOnce (C:\Users\Lzh\Desktop\Code\proj\Pawzzle\frontend\node_modules\react-native-web\dist\modules\warnOnce\index.js:24:13)
  createDOMProps (C:\Users\Lzh\Desktop\Code\proj\Pawzzle\frontend\node_modules\react-native-web\dist\modules\createDOMProps\index.js:805:13)
  createElement (C:\Users\Lzh\Desktop\Code\proj\Pawzzle\frontend\node_modules\react-native-web\dist\exports\createElement\index.js:23:32)
  Component (C:\Users\Lzh\Desktop\Code\proj\Pawzzle\frontend\node_modules\react-native-web\dist\exports\View\index.js:111:23)
  Object.callComponentInDEV [as react-stack-bottom-frame] (C:\Users\Lzh\Desktop\Code\proj\Pawzzle\frontend\node_modules\react-dom\cjs\react-dom-server-legacy.node.development.js:8970:18)
  renderWithHooks (C:\Users\Lzh\Desktop\Code\proj\Pawzzle\frontend\node_modules\react-dom\cjs\react-dom-server-legacy.node.development.js:4699:19)
  run (C:\Users\Lzh\Desktop\Code\proj\Pawzzle\frontend\node_modules\react-dom\cjs\react-dom-server-legacy.node.development.js:5539:39)
  retryNode (C:\Users\Lzh\Desktop\Code\proj\Pawzzle\frontend\node_modules\react-dom\cjs\react-dom-server-legacy.node.development.js:5899:31)
  renderNodeDestructive (C:\Users\Lzh\Desktop\Code\proj\Pawzzle\frontend\node_modules\react-dom\cjs\react-dom-server-legacy.node.development.js:5849:11)
